Using pre-set license
Built from '2020.3/release' branch; Version is '2020.3.27f1 (e759542391ea) revision 15161684'; Using compiler version '192528614'; Build Type 'Release'
OS: 'Windows 10  (10.0.19044) 64bit Core' Language: 'ru' Physical Memory: 32620 MB
BatchMode: 1, IsHumanControllingUs: 0, StartBugReporterOnCrash: 0, Is64bit: 1, IsPro: 0

COMMAND LINE ARGUMENTS:
C:\Program Files\Unity\Hub\Editor\2020.3.27f1\Editor\Unity.exe
-adb2
-batchMode
-noUpm
-name
AssetImportWorker0
-projectPath
D:/Gamedevelopment/My Projects/ghost-hunter
-logFile
Logs/AssetImportWorker0.log
-srvPort
56004
Successfully changed project path to: D:/Gamedevelopment/My Projects/ghost-hunter
D:/Gamedevelopment/My Projects/ghost-hunter
Using Asset Import Pipeline V2.
Refreshing native plugins compatible for Editor in 45.96 ms, found 3 plugins.
Preloading 0 native plugins for Editor in 0.00 ms.
Initialize engine version: 2020.3.27f1 (e759542391ea)
[Subsystems] Discovering subsystems at path C:/Program Files/Unity/Hub/Editor/2020.3.27f1/Editor/Data/Resources/UnitySubsystems
[Subsystems] Discovering subsystems at path D:/Gamedevelopment/My Projects/ghost-hunter/Assets
GfxDevice: creating device client; threaded=0
Direct3D:
    Version:  Direct3D 11.0 [level 11.1]
    Renderer: NVIDIA GeForce RTX 3060 Laptop GPU (ID=0x2560)
    Vendor:   
    VRAM:     6023 MB
    Driver:   30.0.14.7256
Initialize mono
Mono path[0] = 'C:/Program Files/Unity/Hub/Editor/2020.3.27f1/Editor/Data/Managed'
Mono path[1] = 'C:/Program Files/Unity/Hub/Editor/2020.3.27f1/Editor/Data/MonoBleedingEdge/lib/mono/unityjit'
Mono config path = 'C:/Program Files/Unity/Hub/Editor/2020.3.27f1/Editor/Data/MonoBleedingEdge/etc'
Using monoOptions --debugger-agent=transport=dt_socket,embedding=1,server=y,suspend=n,address=127.0.0.1:56172
Begin MonoManager ReloadAssembly
Registering precompiled unity dll's ...
Register platform support module: C:/Program Files/Unity/Hub/Editor/2020.3.27f1/Editor/Data/PlaybackEngines/WebGLSupport/UnityEditor.WebGL.Extensions.dll
Register platform support module: C:/Program Files/Unity/Hub/Editor/2020.3.27f1/Editor/Data/PlaybackEngines/WindowsStandaloneSupport/UnityEditor.WindowsStandalone.Extensions.dll
Registered in 0.001962 seconds.
Native extension for WindowsStandalone target not found
Native extension for WebGL target not found
Refreshing native plugins compatible for Editor in 46.37 ms, found 3 plugins.
Preloading 0 native plugins for Editor in 0.00 ms.
Mono: successfully reloaded assembly
- Completed reload, in  0.451 seconds
Domain Reload Profiling:
	ReloadAssembly (451ms)
		BeginReloadAssembly (49ms)
			ExecutionOrderSort (0ms)
			DisableScriptedObjects (0ms)
			BackupInstance (0ms)
			ReleaseScriptingObjects (0ms)
			CreateAndSetChildDomain (1ms)
		EndReloadAssembly (348ms)
			LoadAssemblies (48ms)
			RebuildTransferFunctionScriptingTraits (0ms)
			SetupTypeCache (97ms)
			ReleaseScriptCaches (0ms)
			RebuildScriptCaches (24ms)
			SetupLoadedEditorAssemblies (153ms)
				LogAssemblyErrors (0ms)
				InitializePlatformSupportModulesInManaged (4ms)
				SetLoadedEditorAssemblies (0ms)
				RefreshPlugins (46ms)
				BeforeProcessingInitializeOnLoad (10ms)
				ProcessInitializeOnLoadAttributes (70ms)
				ProcessInitializeOnLoadMethodAttributes (21ms)
				AfterProcessingInitializeOnLoad (0ms)
				EditorAssembliesLoaded (0ms)
			ExecutionOrderSort2 (0ms)
			AwakeInstancesAfterBackupRestoration (0ms)
Platform modules already initialized, skipping
Registering precompiled user dll's ...
Registered in 0.003433 seconds.
Begin MonoManager ReloadAssembly
Native extension for WindowsStandalone target not found
Native extension for WebGL target not found
Refreshing native plugins compatible for Editor in 47.59 ms, found 3 plugins.
Preloading 0 native plugins for Editor in 0.00 ms.
Mono: successfully reloaded assembly
- Completed reload, in  0.893 seconds
Domain Reload Profiling:
	ReloadAssembly (894ms)
		BeginReloadAssembly (108ms)
			ExecutionOrderSort (0ms)
			DisableScriptedObjects (4ms)
			BackupInstance (0ms)
			ReleaseScriptingObjects (0ms)
			CreateAndSetChildDomain (16ms)
		EndReloadAssembly (741ms)
			LoadAssemblies (74ms)
			RebuildTransferFunctionScriptingTraits (0ms)
			SetupTypeCache (235ms)
			ReleaseScriptCaches (1ms)
			RebuildScriptCaches (45ms)
			SetupLoadedEditorAssemblies (307ms)
				LogAssemblyErrors (0ms)
				InitializePlatformSupportModulesInManaged (4ms)
				SetLoadedEditorAssemblies (0ms)
				RefreshPlugins (48ms)
				BeforeProcessingInitializeOnLoad (70ms)
				ProcessInitializeOnLoadAttributes (165ms)
				ProcessInitializeOnLoadMethodAttributes (15ms)
				AfterProcessingInitializeOnLoad (5ms)
				EditorAssembliesLoaded (0ms)
			ExecutionOrderSort2 (0ms)
			AwakeInstancesAfterBackupRestoration (5ms)
Platform modules already initialized, skipping
========================================================================
Worker process is ready to serve import requests
Launched and connected shader compiler UnityShaderCompiler.exe after 0.05 seconds
Refreshing native plugins compatible for Editor in 0.58 ms, found 3 plugins.
Preloading 0 native plugins for Editor in 0.00 ms.
Unloading 2782 Unused Serialized files (Serialized files now loaded: 0)
System memory in use before: 111.6 MB.
System memory in use after: 111.7 MB.

Unloading 39 unused Assets to reduce memory usage. Loaded Objects now: 3204.
Total: 2.897600 ms (FindLiveObjects: 0.187600 ms CreateObjectMapping: 0.100300 ms MarkObjects: 2.494700 ms  DeleteObjects: 0.114300 ms)

AssetImportParameters requested are different than current active one (requested -> active):
  custom:framework-win-MediaFoundation: 216162199b28c13a410421893ffa2e32 -> 
  custom:video-decoder-ogg-theora: a1e56fd34408186e4bbccfd4996cb3dc -> 
  custom:container-muxer-webm: aa71ff27fc2769a1b78a27578f13a17b -> 
  custom:container-demuxer-webm: 4f35f7cbe854078d1ac9338744f61a02 -> 
  custom:container-demuxer-ogg: 62fdf1f143b41e24485cea50d1cbac27 -> 
  custom:video-encoder-webm-vp8: eb34c28f22e8b96e1ab97ce403110664 -> 
  custom:video-decoder-webm-vp8: 9c59270c3fd7afecdb556c50c9e8de78 -> 
  custom:audio-decoder-ogg-vorbis: bf7c407c2cedff20999df2af8eb42d56 -> 
  custom:audio-encoder-webm-vorbis: bf7c407c2cedff20999df2af8eb42d56 -> 
========================================================================
Received Import Request.
  path: Assets/Scenes/SampleScene.unity
  artifactKey: Guid(2cda990e2423bbf4892e6590ba056729) Importer(815301076,1909f56bfc062723c751e8b465ee728b)
Start importing Assets/Scenes/SampleScene.unity using Guid(2cda990e2423bbf4892e6590ba056729) Importer(815301076,1909f56bfc062723c751e8b465ee728b)  -> (artifact id: '1333ee985c8b405feb81c7cbd2e221fc') in 0.017523 seconds 
  Import took 0.021322 seconds .

========================================================================
Received Import Request.
  Time since last request: 3.728203 seconds.
  path: Assets/Scenes/MainMenu.unity
  artifactKey: Guid(2cda990e2423bbf4892e6590ba056729) Importer(815301076,1909f56bfc062723c751e8b465ee728b)
Start importing Assets/Scenes/MainMenu.unity using Guid(2cda990e2423bbf4892e6590ba056729) Importer(815301076,1909f56bfc062723c751e8b465ee728b)  -> (artifact id: 'fda82d743c2e722853b94db11b4797ac') in 0.005057 seconds 
  Import took 0.008741 seconds .

========================================================================
Received Import Request.
  Time since last request: 1.908369 seconds.
  path: Assets/Plugins
  artifactKey: Guid(423b2256958ee794b87ca46e715f18ab) Importer(815301076,1909f56bfc062723c751e8b465ee728b)
Start importing Assets/Plugins using Guid(423b2256958ee794b87ca46e715f18ab) Importer(815301076,1909f56bfc062723c751e8b465ee728b)  -> (artifact id: '552c050332870caccc08afbaee887d4e') in 0.005921 seconds 
  Import took 0.009580 seconds .

========================================================================
Received Import Request.
  Time since last request: 0.542224 seconds.
  path: Assets/Scenes
  artifactKey: Guid(131a6b21c8605f84396be9f6751fb6e3) Importer(815301076,1909f56bfc062723c751e8b465ee728b)
Start importing Assets/Scenes using Guid(131a6b21c8605f84396be9f6751fb6e3) Importer(815301076,1909f56bfc062723c751e8b465ee728b)  -> (artifact id: 'df75b7d1a31c5b4f73fd45661b403b04') in 0.004548 seconds 
  Import took 0.008187 seconds .

========================================================================
Received Import Request.
  Time since last request: 11.574723 seconds.
  path: Assets/Scenes/Game.unity
  artifactKey: Guid(531e95d77eae5834c9e226d2ab6d4efc) Importer(815301076,1909f56bfc062723c751e8b465ee728b)
Start importing Assets/Scenes/Game.unity using Guid(531e95d77eae5834c9e226d2ab6d4efc) Importer(815301076,1909f56bfc062723c751e8b465ee728b)  -> (artifact id: 'b058a667ae919e326a800b745aee6fd8') in 0.004636 seconds 
  Import took 0.008214 seconds .

========================================================================
Received Import Request.
  Time since last request: 34.676906 seconds.
  path: Assets/New Folder
  artifactKey: Guid(15e1f989146a472449b6f0bcb5711351) Importer(815301076,1909f56bfc062723c751e8b465ee728b)
Start importing Assets/New Folder using Guid(15e1f989146a472449b6f0bcb5711351) Importer(815301076,1909f56bfc062723c751e8b465ee728b)  -> (artifact id: '150826af0d7cd919d711633835ddd8b0') in 0.004441 seconds 
  Import took 0.008205 seconds .

========================================================================
Received Import Request.
  Time since last request: 122.216369 seconds.
  path: Assets/Installers
  artifactKey: Guid(e3c42779e95c1814290dcbe3bd17bafb) Importer(815301076,1909f56bfc062723c751e8b465ee728b)
Start importing Assets/Installers using Guid(e3c42779e95c1814290dcbe3bd17bafb) Importer(815301076,1909f56bfc062723c751e8b465ee728b)  -> (artifact id: 'b5f466dd6322327e407f7d65c60b9969') in 0.005499 seconds 
  Import took 0.008971 seconds .

========================================================================
Received Import Request.
  Time since last request: 20.046991 seconds.
  path: Assets/Resources
  artifactKey: Guid(01d61f9a94b3ad542b99feadd638ecd4) Importer(815301076,1909f56bfc062723c751e8b465ee728b)
Start importing Assets/Resources using Guid(01d61f9a94b3ad542b99feadd638ecd4) Importer(815301076,1909f56bfc062723c751e8b465ee728b)  -> (artifact id: '224c1d73c214d354b8c85646d1041119') in 0.006480 seconds 
  Import took 0.010170 seconds .

========================================================================
Received Import Request.
  Time since last request: 12.700584 seconds.
  path: Assets/Resources/ProjectContext.prefab
  artifactKey: Guid(1e8f32857a3060d48be26e5accefc242) Importer(815301076,1909f56bfc062723c751e8b465ee728b)
Start importing Assets/Resources/ProjectContext.prefab using Guid(1e8f32857a3060d48be26e5accefc242) Importer(815301076,1909f56bfc062723c751e8b465ee728b)  -> (artifact id: 'de696f8892499c69c2e2648fe626daaa') in 0.030366 seconds 
  Import took 0.033901 seconds .

========================================================================
Received Import Request.
  Time since last request: 2177.092568 seconds.
  path: Assets/Sprites
  artifactKey: Guid(8643914212142ae45933e1d411a7c28b) Importer(815301076,1909f56bfc062723c751e8b465ee728b)
Start importing Assets/Sprites using Guid(8643914212142ae45933e1d411a7c28b) Importer(815301076,1909f56bfc062723c751e8b465ee728b)  -> (artifact id: 'a4ea53671e7eaea14903d89918eaf011') in 0.005852 seconds 
  Import took 0.009779 seconds .

========================================================================
Received Import Request.
  Time since last request: 4.299250 seconds.
  path: Assets/Sprites/UI
  artifactKey: Guid(81b0cdca36ea2c54389aae7f683c2120) Importer(815301076,1909f56bfc062723c751e8b465ee728b)
Start importing Assets/Sprites/UI using Guid(81b0cdca36ea2c54389aae7f683c2120) Importer(815301076,1909f56bfc062723c751e8b465ee728b)  -> (artifact id: '1d71a4bb7ae098f6a41c255e6498bfbf') in 0.005631 seconds 
  Import took 0.009087 seconds .

========================================================================
Received Import Request.
  Time since last request: 9.304959 seconds.
  path: Assets/Sprites/UI/Button1.png
  artifactKey: Guid(046f80f8c80dae04884558e2626968d6) Importer(815301076,1909f56bfc062723c751e8b465ee728b)
Start importing Assets/Sprites/UI/Button1.png using Guid(046f80f8c80dae04884558e2626968d6) Importer(815301076,1909f56bfc062723c751e8b465ee728b)  -> (artifact id: '9210e3c5e3441e96fccb931d55510239') in 0.048189 seconds 
  Import took 0.051725 seconds .

========================================================================
Received Import Request.
  Time since last request: 2.011183 seconds.
  path: Assets/Sprites/UI/Button.png
  artifactKey: Guid(046f80f8c80dae04884558e2626968d6) Importer(815301076,1909f56bfc062723c751e8b465ee728b)
Start importing Assets/Sprites/UI/Button.png using Guid(046f80f8c80dae04884558e2626968d6) Importer(815301076,1909f56bfc062723c751e8b465ee728b)  -> (artifact id: '67487035b24d2963dff6fb12b71aed8c') in 0.010428 seconds 
  Import took 0.014021 seconds .

